<?xml version="1.0" encoding="UTF-8"?>
<robot generator="Robot 5.0.1 (Python 3.10.5 on win32)" generated="20220716 13:09:20.621" rpa="false" schemaversion="3">
<suite id="s1" name="Book" source="C:\Users\arsya\Documents\OneDrive - COC\MOBILE\suites\book.robot">
<kw name="Open Flight Application" library="Base" type="SETUP">
<kw name="Open Application" library="AppiumLibrary">
<arg>${REMOTE_URL}</arg>
<arg>platformName=${PLATFORM_NAME}</arg>
<arg>platformVersion=${PLATFORM_VERSION}</arg>
<arg>deviceName=${DEVICE_NAME}</arg>
<arg>automationName=UiAutomator2</arg>
<arg>newCommandTimeout=50000</arg>
<arg>appPackage=${PACKAGE_NAME}</arg>
<arg>appActivity=${ACTIVITY_NAME}</arg>
<doc>Opens a new application to given Appium server.
Capabilities of appium server, Android and iOS,
Please check https://github.com/appium/appium/blob/master/docs/en/writing-running-appium/server-args.md
| *Option*            | *Man.* | *Description*     |
| remote_url          | Yes    | Appium server url |
| alias               | no     | alias             |</doc>
<status status="PASS" starttime="20220716 13:09:22.674" endtime="20220716 13:09:55.015"/>
</kw>
<status status="PASS" starttime="20220716 13:09:22.673" endtime="20220716 13:09:55.015"/>
</kw>
<test id="s1-t1" name="Book A Flight" line="10">
<kw name="Run Keywords" library="BuiltIn" type="SETUP">
<arg>Login With Valid Data</arg>
<doc>Executes all the given keywords in a sequence.</doc>
<kw name="Login With Valid Data" library="Base">
<kw name="Tap Sign In Button in Homepage" library="Homepage">
<kw name="Click Element" library="AppiumLibrary">
<arg>${loginButton_homepage}</arg>
<doc>Click element identified by `locator`.</doc>
<msg timestamp="20220716 13:09:55.048" level="INFO">Clicking element 'com.example.myapplication:id/login'.</msg>
<status status="PASS" starttime="20220716 13:09:55.041" endtime="20220716 13:09:55.977"/>
</kw>
<status status="PASS" starttime="20220716 13:09:55.039" endtime="20220716 13:09:55.978"/>
</kw>
<kw name="Verify Login Page Appears" library="Login">
<kw name="Wait Until Element Is Visible" library="AppiumLibrary">
<arg>${usernameInput_loginPage}</arg>
<doc>Waits until element specified with `locator` is visible.</doc>
<status status="PASS" starttime="20220716 13:09:55.979" endtime="20220716 13:09:59.580"/>
</kw>
<kw name="Element Should Be Visible" library="AppiumLibrary">
<arg>${passwordInput_loginPage}</arg>
<doc>Verifies that element identified with locator is visible.</doc>
<status status="PASS" starttime="20220716 13:09:59.581" endtime="20220716 13:09:59.727"/>
</kw>
<kw name="Element Should Be Visible" library="AppiumLibrary">
<arg>${signInButton_loginPage}</arg>
<doc>Verifies that element identified with locator is visible.</doc>
<status status="PASS" starttime="20220716 13:09:59.727" endtime="20220716 13:09:59.985"/>
</kw>
<status status="PASS" starttime="20220716 13:09:55.978" endtime="20220716 13:09:59.985"/>
</kw>
<kw name="Input Username In Login Page" library="Login">
<arg>username=support@ngendigital.com</arg>
<kw name="Input Text" library="AppiumLibrary">
<arg>${usernameInput_loginPage}</arg>
<arg>${username}</arg>
<doc>Types the given `text` into text field identified by `locator`.</doc>
<msg timestamp="20220716 13:09:59.994" level="INFO">Typing text 'support@ngendigital.com' into text field 'com.example.myapplication:id/username'</msg>
<status status="PASS" starttime="20220716 13:09:59.986" endtime="20220716 13:10:00.402"/>
</kw>
<status status="PASS" starttime="20220716 13:09:59.986" endtime="20220716 13:10:00.402"/>
</kw>
<kw name="Input Password in Login Page" library="Login">
<arg>password=abc123</arg>
<kw name="Input Text" library="AppiumLibrary">
<arg>${passwordInput_loginPage}</arg>
<arg>${password}</arg>
<doc>Types the given `text` into text field identified by `locator`.</doc>
<msg timestamp="20220716 13:10:00.413" level="INFO">Typing text 'abc123' into text field 'com.example.myapplication:id/password'</msg>
<status status="PASS" starttime="20220716 13:10:00.403" endtime="20220716 13:10:01.031"/>
</kw>
<status status="PASS" starttime="20220716 13:10:00.402" endtime="20220716 13:10:01.031"/>
</kw>
<kw name="Tap Sign In Button In Login Page" library="Login">
<kw name="Wait Until Element Is Visible" library="AppiumLibrary">
<arg>${signInButton_loginPage}</arg>
<doc>Waits until element specified with `locator` is visible.</doc>
<status status="PASS" starttime="20220716 13:10:01.032" endtime="20220716 13:10:01.715"/>
</kw>
<kw name="Click Element" library="AppiumLibrary">
<arg>${signInButton_loginPage}</arg>
<doc>Click element identified by `locator`.</doc>
<msg timestamp="20220716 13:10:01.721" level="INFO">Clicking element 'com.example.myapplication:id/signIn'.</msg>
<status status="PASS" starttime="20220716 13:10:01.715" endtime="20220716 13:10:01.886"/>
</kw>
<status status="PASS" starttime="20220716 13:10:01.031" endtime="20220716 13:10:01.886"/>
</kw>
<kw name="Verify User Success To Login" library="Login">
<kw name="Wait Until Element Is Visible" library="AppiumLibrary">
<arg>${loginSucceed}</arg>
<doc>Waits until element specified with `locator` is visible.</doc>
<status status="PASS" starttime="20220716 13:10:01.887" endtime="20220716 13:10:04.006"/>
</kw>
<status status="PASS" starttime="20220716 13:10:01.887" endtime="20220716 13:10:04.006"/>
</kw>
<status status="PASS" starttime="20220716 13:09:55.039" endtime="20220716 13:10:04.007"/>
</kw>
<status status="PASS" starttime="20220716 13:09:55.038" endtime="20220716 13:10:04.007"/>
</kw>
<kw name="Click Book Button In Login Page" library="Book">
<kw name="Element Should Be Visible" library="AppiumLibrary">
<arg>${bookButton_loginPage}</arg>
<doc>Verifies that element identified with locator is visible.</doc>
<status status="PASS" starttime="20220716 13:10:04.008" endtime="20220716 13:10:04.862"/>
</kw>
<kw name="Click Element" library="AppiumLibrary">
<arg>${bookButton_loginPage}</arg>
<doc>Click element identified by `locator`.</doc>
<msg timestamp="20220716 13:10:04.869" level="INFO">Clicking element 'com.example.myapplication:id/book'.</msg>
<status status="PASS" starttime="20220716 13:10:04.862" endtime="20220716 13:10:05.214"/>
</kw>
<kw name="Wait Until Element Is Visible" library="AppiumLibrary">
<arg>${bookButton_bookPage}</arg>
<doc>Waits until element specified with `locator` is visible.</doc>
<status status="PASS" starttime="20220716 13:10:05.215" endtime="20220716 13:10:09.355"/>
</kw>
<status status="PASS" starttime="20220716 13:10:04.008" endtime="20220716 13:10:09.356"/>
</kw>
<kw name="Click Trip Option" library="Book">
<arg>tripOption=ROUND TRIP</arg>
<kw name="Click Text" library="AppiumLibrary">
<arg>${tripOption}</arg>
<doc>Click text identified by ``text``.</doc>
<status status="PASS" starttime="20220716 13:10:09.385" endtime="20220716 13:10:12.955"/>
</kw>
<status status="PASS" starttime="20220716 13:10:09.384" endtime="20220716 13:10:12.955"/>
</kw>
<kw name="Choose From City" library="Book">
<arg>fromCity=Toronto</arg>
<kw name="Click Element" library="AppiumLibrary">
<arg>${fromCity_list}</arg>
<doc>Click element identified by `locator`.</doc>
<msg timestamp="20220716 13:10:12.972" level="INFO">Clicking element 'com.example.myapplication:id/spinnerFrom'.</msg>
<status status="PASS" starttime="20220716 13:10:12.964" endtime="20220716 13:10:13.764"/>
</kw>
<kw name="Sleep" library="BuiltIn">
<arg>2s</arg>
<doc>Pauses the test executed for the given time.</doc>
<msg timestamp="20220716 13:10:15.766" level="INFO">Slept 2 seconds</msg>
<status status="PASS" starttime="20220716 13:10:13.764" endtime="20220716 13:10:15.766"/>
</kw>
<kw name="Click Text" library="AppiumLibrary">
<arg>${fromCity}</arg>
<doc>Click text identified by ``text``.</doc>
<status status="PASS" starttime="20220716 13:10:15.766" endtime="20220716 13:10:16.469"/>
</kw>
<status status="PASS" starttime="20220716 13:10:12.963" endtime="20220716 13:10:16.469"/>
</kw>
<kw name="Choose To City" library="Book">
<arg>toCity=Paris</arg>
<kw name="Click Element" library="AppiumLibrary">
<arg>${toCity_list}</arg>
<doc>Click element identified by `locator`.</doc>
<msg timestamp="20220716 13:10:16.479" level="INFO">Clicking element 'com.example.myapplication:id/spinnerTo'.</msg>
<status status="PASS" starttime="20220716 13:10:16.472" endtime="20220716 13:10:17.789"/>
</kw>
<kw name="Sleep" library="BuiltIn">
<arg>2s</arg>
<doc>Pauses the test executed for the given time.</doc>
<msg timestamp="20220716 13:10:19.791" level="INFO">Slept 2 seconds</msg>
<status status="PASS" starttime="20220716 13:10:17.789" endtime="20220716 13:10:19.791"/>
</kw>
<kw name="Click Text" library="AppiumLibrary">
<arg>${toCity}</arg>
<doc>Click text identified by ``text``.</doc>
<status status="PASS" starttime="20220716 13:10:19.791" endtime="20220716 13:10:21.601"/>
</kw>
<status status="PASS" starttime="20220716 13:10:16.470" endtime="20220716 13:10:21.601"/>
</kw>
<kw name="Choose Class" library="Book">
<arg>withClass=Economy</arg>
<kw name="Click Element" library="AppiumLibrary">
<arg>${withClass_list}</arg>
<doc>Click element identified by `locator`.</doc>
<msg timestamp="20220716 13:10:21.638" level="INFO">Clicking element 'com.example.myapplication:id/spinnerClass'.</msg>
<status status="PASS" starttime="20220716 13:10:21.632" endtime="20220716 13:10:22.001"/>
</kw>
<kw name="Sleep" library="BuiltIn">
<arg>2s</arg>
<doc>Pauses the test executed for the given time.</doc>
<msg timestamp="20220716 13:10:24.003" level="INFO">Slept 2 seconds</msg>
<status status="PASS" starttime="20220716 13:10:22.001" endtime="20220716 13:10:24.003"/>
</kw>
<kw name="Click Text" library="AppiumLibrary">
<arg>${withClass}</arg>
<doc>Click text identified by ``text``.</doc>
<status status="PASS" starttime="20220716 13:10:24.003" endtime="20220716 13:10:25.482"/>
</kw>
<status status="PASS" starttime="20220716 13:10:21.631" endtime="20220716 13:10:25.482"/>
</kw>
<kw name="Enter Start Date" library="Book">
<arg>startDate=3</arg>
<kw name="Click Element" library="AppiumLibrary">
<arg>${startDate_button}</arg>
<doc>Click element identified by `locator`.</doc>
<msg timestamp="20220716 13:10:25.518" level="INFO">Clicking element 'com.example.myapplication:id/textStartDate'.</msg>
<status status="PASS" starttime="20220716 13:10:25.512" endtime="20220716 13:10:25.875"/>
</kw>
<kw name="Wait Until Element Is Visible" library="AppiumLibrary">
<arg>${headerDate}</arg>
<doc>Waits until element specified with `locator` is visible.</doc>
<status status="PASS" starttime="20220716 13:10:25.875" endtime="20220716 13:10:30.156"/>
</kw>
<kw name="Click Text" library="AppiumLibrary">
<arg>${startDate}</arg>
<doc>Click text identified by ``text``.</doc>
<status status="PASS" starttime="20220716 13:10:30.156" endtime="20220716 13:10:31.442"/>
</kw>
<kw name="Click Element" library="AppiumLibrary">
<arg>${setDate_ok}</arg>
<doc>Click element identified by `locator`.</doc>
<msg timestamp="20220716 13:10:31.449" level="INFO">Clicking element 'android:id/button1'.</msg>
<status status="PASS" starttime="20220716 13:10:31.442" endtime="20220716 13:10:32.260"/>
</kw>
<status status="PASS" starttime="20220716 13:10:25.511" endtime="20220716 13:10:32.260"/>
</kw>
<kw name="Enter End Date" library="Book">
<arg>endDate=23</arg>
<kw name="Click Element" library="AppiumLibrary">
<arg>${endDate_button}</arg>
<doc>Click element identified by `locator`.</doc>
<msg timestamp="20220716 13:10:32.269" level="INFO">Clicking element 'com.example.myapplication:id/textEndDate'.</msg>
<status status="PASS" starttime="20220716 13:10:32.262" endtime="20220716 13:10:33.426"/>
</kw>
<kw name="Wait Until Element Is Visible" library="AppiumLibrary">
<arg>${headerDate}</arg>
<doc>Waits until element specified with `locator` is visible.</doc>
<status status="PASS" starttime="20220716 13:10:33.426" endtime="20220716 13:10:35.305"/>
</kw>
<kw name="Click Text" library="AppiumLibrary">
<arg>${endDate}</arg>
<doc>Click text identified by ``text``.</doc>
<status status="PASS" starttime="20220716 13:10:35.305" endtime="20220716 13:10:36.900"/>
</kw>
<kw name="Click Element" library="AppiumLibrary">
<arg>${setDate_ok}</arg>
<doc>Click element identified by `locator`.</doc>
<msg timestamp="20220716 13:10:36.906" level="INFO">Clicking element 'android:id/button1'.</msg>
<status status="PASS" starttime="20220716 13:10:36.900" endtime="20220716 13:10:37.196"/>
</kw>
<status status="PASS" starttime="20220716 13:10:32.261" endtime="20220716 13:10:37.196"/>
</kw>
<kw name="Choose Flight Option" library="Book">
<arg>flightAcc=Flight</arg>
<kw name="Wait Until Element Is Visible" library="AppiumLibrary">
<arg>${bookButton_bookPage}</arg>
<doc>Waits until element specified with `locator` is visible.</doc>
<status status="PASS" starttime="20220716 13:10:37.229" endtime="20220716 13:10:38.146"/>
</kw>
<kw name="Click Text" library="AppiumLibrary">
<arg>${flightAcc}</arg>
<doc>Click text identified by ``text``.</doc>
<status status="PASS" starttime="20220716 13:10:38.146" endtime="20220716 13:10:38.867"/>
</kw>
<status status="PASS" starttime="20220716 13:10:37.228" endtime="20220716 13:10:38.868"/>
</kw>
<kw name="Click Book Button In Book Page" library="Book">
<kw name="Click Element" library="AppiumLibrary">
<arg>${bookButton_bookPage}</arg>
<doc>Click element identified by `locator`.</doc>
<msg timestamp="20220716 13:10:39.232" level="INFO">Clicking element 'com.example.myapplication:id/book_flight'.</msg>
<status status="PASS" starttime="20220716 13:10:39.226" endtime="20220716 13:10:39.613"/>
</kw>
<status status="PASS" starttime="20220716 13:10:39.225" endtime="20220716 13:10:39.613"/>
</kw>
<kw name="Confirm Booking Price" library="Book">
<arg>choosePrice=$1755</arg>
<kw name="Wait Until Element Is Visible" library="AppiumLibrary">
<arg>${confirmPrice_text}</arg>
<doc>Waits until element specified with `locator` is visible.</doc>
<status status="PASS" starttime="20220716 13:10:39.615" endtime="20220716 13:10:42.052"/>
</kw>
<kw name="Click Text" library="AppiumLibrary">
<arg>${choosePrice}</arg>
<doc>Click text identified by ``text``.</doc>
<status status="PASS" starttime="20220716 13:10:42.052" endtime="20220716 13:10:42.620"/>
</kw>
<kw name="Click Element" library="AppiumLibrary">
<arg>${confirmPrice_button}</arg>
<doc>Click element identified by `locator`.</doc>
<msg timestamp="20220716 13:10:42.627" level="INFO">Clicking element 'com.example.myapplication:id/confirm_order'.</msg>
<status status="PASS" starttime="20220716 13:10:42.620" endtime="20220716 13:10:43.381"/>
</kw>
<status status="PASS" starttime="20220716 13:10:39.614" endtime="20220716 13:10:43.381"/>
</kw>
<kw name="Verify Booking Success" library="Book">
<kw name="Wait Until Element Is Visible" library="AppiumLibrary">
<arg>${flight_booked}</arg>
<doc>Waits until element specified with `locator` is visible.</doc>
<status status="PASS" starttime="20220716 13:10:43.399" endtime="20220716 13:10:44.570"/>
</kw>
<status status="PASS" starttime="20220716 13:10:43.399" endtime="20220716 13:10:44.570"/>
</kw>
<doc>Login with valid data</doc>
<status status="PASS" starttime="20220716 13:09:55.016" endtime="20220716 13:10:44.582"/>
</test>
<kw name="Close Application" library="AppiumLibrary" type="TEARDOWN">
<doc>Closes the current application and also close webdriver session.</doc>
<status status="PASS" starttime="20220716 13:10:44.584" endtime="20220716 13:10:46.778"/>
</kw>
<status status="PASS" starttime="20220716 13:09:20.625" endtime="20220716 13:10:46.778"/>
</suite>
<statistics>
<total>
<stat pass="1" fail="0" skip="0">All Tests</stat>
</total>
<tag>
</tag>
<suite>
<stat pass="1" fail="0" skip="0" id="s1" name="Book">Book</stat>
</suite>
</statistics>
<errors>
</errors>
</robot>
